{"C:\\Users\\awbri\\Desktop\\Waste of Intelligence\\React-Native\\sc2-name-lookup\\config.ts": {"path":"C:\\Users\\awbri\\Desktop\\Waste of Intelligence\\React-Native\\sc2-name-lookup\\config.ts","statementMap":{"0":{"start":{"line":1,"column":22},"end":{"line":1,"column":56}},"1":{"start":{"line":2,"column":24},"end":{"line":2,"column":58}},"2":{"start":{"line":3,"column":20},"end":{"line":3,"column":114}}},"fnMap":{},"branchMap":{},"s":{"0":2,"1":2,"2":2},"f":{},"b":{},"_coverageSchema":"1a1c01bbd47fc00a2c39e90264f33305004495a9","hash":"1d195eea0d9420d6357d907da75c17a66ec95f00"}
,"C:\\Users\\awbri\\Desktop\\Waste of Intelligence\\React-Native\\sc2-name-lookup\\sampleData.ts": {"path":"C:\\Users\\awbri\\Desktop\\Waste of Intelligence\\React-Native\\sc2-name-lookup\\sampleData.ts","statementMap":{"0":{"start":{"line":2,"column":32},"end":{"line":154,"column":1}}},"fnMap":{},"branchMap":{},"s":{"0":3},"f":{},"b":{},"_coverageSchema":"1a1c01bbd47fc00a2c39e90264f33305004495a9","hash":"b2940053507a5645a202f52d16a6586d79fcb29f"}
,"C:\\Users\\awbri\\Desktop\\Waste of Intelligence\\React-Native\\sc2-name-lookup\\types.ts": {"path":"C:\\Users\\awbri\\Desktop\\Waste of Intelligence\\React-Native\\sc2-name-lookup\\types.ts","statementMap":{"0":{"start":{"line":103,"column":4},"end":{"line":103,"column":27}},"1":{"start":{"line":104,"column":4},"end":{"line":104,"column":32}}},"fnMap":{"0":{"name":"(anonymous_0)","decl":{"start":{"line":102,"column":2},"end":{"line":102,"column":3}},"loc":{"start":{"line":102,"column":48},"end":{"line":105,"column":3}},"line":102}},"branchMap":{},"s":{"0":10,"1":10},"f":{"0":10},"b":{},"_coverageSchema":"1a1c01bbd47fc00a2c39e90264f33305004495a9","hash":"add7268f869d82d65c6a84090a1450b3d1bf61c9"}
,"C:\\Users\\awbri\\Desktop\\Waste of Intelligence\\React-Native\\sc2-name-lookup\\components\\Home.tsx": {"path":"C:\\Users\\awbri\\Desktop\\Waste of Intelligence\\React-Native\\sc2-name-lookup\\components\\Home.tsx","statementMap":{"0":{"start":{"line":32,"column":42},"end":{"line":32,"column":71}},"1":{"start":{"line":33,"column":36},"end":{"line":33,"column":60}},"2":{"start":{"line":34,"column":28},"end":{"line":34,"column":52}},"3":{"start":{"line":35,"column":26},"end":{"line":35,"column":48}},"4":{"start":{"line":36,"column":26},"end":{"line":36,"column":46}},"5":{"start":{"line":37,"column":32},"end":{"line":37,"column":56}},"6":{"start":{"line":38,"column":20},"end":{"line":38,"column":40}},"7":{"start":{"line":39,"column":19},"end":{"line":39,"column":44}},"8":{"start":{"line":40,"column":16},"end":{"line":40,"column":42}},"9":{"start":{"line":42,"column":18},"end":{"line":84,"column":3}},"10":{"start":{"line":43,"column":4},"end":{"line":83,"column":5}},"11":{"start":{"line":44,"column":6},"end":{"line":82,"column":7}},"12":{"start":{"line":45,"column":8},"end":{"line":81,"column":9}},"13":{"start":{"line":46,"column":22},"end":{"line":48,"column":12}},"14":{"start":{"line":49,"column":10},"end":{"line":49,"column":27}},"15":{"start":{"line":50,"column":10},"end":{"line":50,"column":30}},"16":{"start":{"line":51,"column":32},"end":{"line":51,"column":69}},"17":{"start":{"line":53,"column":28},"end":{"line":55,"column":12}},"18":{"start":{"line":54,"column":12},"end":{"line":54,"column":26}},"19":{"start":{"line":56,"column":27},"end":{"line":56,"column":45}},"20":{"start":{"line":57,"column":10},"end":{"line":57,"column":31}},"21":{"start":{"line":58,"column":10},"end":{"line":75,"column":11}},"22":{"start":{"line":59,"column":12},"end":{"line":74,"column":13}},"23":{"start":{"line":60,"column":25},"end":{"line":60,"column":59}},"24":{"start":{"line":61,"column":28},"end":{"line":61,"column":62}},"25":{"start":{"line":62,"column":14},"end":{"line":62,"column":31}},"26":{"start":{"line":63,"column":14},"end":{"line":63,"column":59}},"27":{"start":{"line":65,"column":14},"end":{"line":65,"column":32}},"28":{"start":{"line":66,"column":14},"end":{"line":73,"column":15}},"29":{"start":{"line":67,"column":16},"end":{"line":67,"column":53}},"30":{"start":{"line":69,"column":16},"end":{"line":72,"column":18}},"31":{"start":{"line":77,"column":10},"end":{"line":80,"column":12}},"32":{"start":{"line":85,"column":18},"end":{"line":116,"column":3}},"33":{"start":{"line":86,"column":4},"end":{"line":86,"column":21}},"34":{"start":{"line":87,"column":4},"end":{"line":115,"column":5}},"35":{"start":{"line":88,"column":6},"end":{"line":111,"column":7}},"36":{"start":{"line":89,"column":8},"end":{"line":107,"column":9}},"37":{"start":{"line":90,"column":21},"end":{"line":92,"column":44}},"38":{"start":{"line":93,"column":24},"end":{"line":93,"column":58}},"39":{"start":{"line":94,"column":10},"end":{"line":94,"column":35}},"40":{"start":{"line":95,"column":10},"end":{"line":95,"column":27}},"41":{"start":{"line":96,"column":10},"end":{"line":96,"column":52}},"42":{"start":{"line":98,"column":10},"end":{"line":98,"column":28}},"43":{"start":{"line":99,"column":10},"end":{"line":106,"column":11}},"44":{"start":{"line":100,"column":12},"end":{"line":100,"column":49}},"45":{"start":{"line":102,"column":12},"end":{"line":105,"column":14}},"46":{"start":{"line":109,"column":8},"end":{"line":109,"column":35}},"47":{"start":{"line":110,"column":8},"end":{"line":110,"column":26}},"48":{"start":{"line":113,"column":6},"end":{"line":113,"column":65}},"49":{"start":{"line":114,"column":6},"end":{"line":114,"column":24}},"50":{"start":{"line":119,"column":2},"end":{"line":123,"column":19}},"51":{"start":{"line":120,"column":4},"end":{"line":122,"column":5}},"52":{"start":{"line":121,"column":6},"end":{"line":121,"column":26}},"53":{"start":{"line":128,"column":2},"end":{"line":191,"column":4}},"54":{"start":{"line":148,"column":33},"end":{"line":148,"column":47}},"55":{"start":{"line":152,"column":67},"end":{"line":152,"column":76}},"56":{"start":{"line":157,"column":29},"end":{"line":157,"column":48}},"57":{"start":{"line":166,"column":27},"end":{"line":166,"column":51}},"58":{"start":{"line":183,"column":27},"end":{"line":183,"column":40}},"59":{"start":{"line":194,"column":15},"end":{"line":284,"column":2}}},"fnMap":{"0":{"name":"Home","decl":{"start":{"line":31,"column":24},"end":{"line":31,"column":28}},"loc":{"start":{"line":31,"column":50},"end":{"line":192,"column":1}},"line":31},"1":{"name":"(anonymous_1)","decl":{"start":{"line":42,"column":18},"end":{"line":42,"column":19}},"loc":{"start":{"line":42,"column":30},"end":{"line":84,"column":3}},"line":42},"2":{"name":"(anonymous_2)","decl":{"start":{"line":53,"column":46},"end":{"line":53,"column":47}},"loc":{"start":{"line":53,"column":53},"end":{"line":55,"column":11}},"line":53},"3":{"name":"(anonymous_3)","decl":{"start":{"line":85,"column":18},"end":{"line":85,"column":19}},"loc":{"start":{"line":85,"column":42},"end":{"line":116,"column":3}},"line":85},"4":{"name":"(anonymous_4)","decl":{"start":{"line":119,"column":12},"end":{"line":119,"column":13}},"loc":{"start":{"line":119,"column":18},"end":{"line":123,"column":3}},"line":119},"5":{"name":"(anonymous_5)","decl":{"start":{"line":148,"column":27},"end":{"line":148,"column":28}},"loc":{"start":{"line":148,"column":33},"end":{"line":148,"column":47}},"line":148},"6":{"name":"(anonymous_6)","decl":{"start":{"line":152,"column":61},"end":{"line":152,"column":62}},"loc":{"start":{"line":152,"column":67},"end":{"line":152,"column":76}},"line":152},"7":{"name":"(anonymous_7)","decl":{"start":{"line":157,"column":23},"end":{"line":157,"column":24}},"loc":{"start":{"line":157,"column":29},"end":{"line":157,"column":48}},"line":157},"8":{"name":"(anonymous_8)","decl":{"start":{"line":166,"column":21},"end":{"line":166,"column":22}},"loc":{"start":{"line":166,"column":27},"end":{"line":166,"column":51}},"line":166},"9":{"name":"(anonymous_9)","decl":{"start":{"line":183,"column":21},"end":{"line":183,"column":22}},"loc":{"start":{"line":183,"column":27},"end":{"line":183,"column":40}},"line":183}},"branchMap":{"0":{"loc":{"start":{"line":43,"column":4},"end":{"line":83,"column":5}},"type":"if","locations":[{"start":{"line":43,"column":4},"end":{"line":83,"column":5}},{"start":{},"end":{}}],"line":43},"1":{"loc":{"start":{"line":43,"column":8},"end":{"line":43,"column":40}},"type":"binary-expr","locations":[{"start":{"line":43,"column":8},"end":{"line":43,"column":18}},{"start":{"line":43,"column":22},"end":{"line":43,"column":40}}],"line":43},"2":{"loc":{"start":{"line":44,"column":6},"end":{"line":82,"column":7}},"type":"if","locations":[{"start":{"line":44,"column":6},"end":{"line":82,"column":7}},{"start":{},"end":{}}],"line":44},"3":{"loc":{"start":{"line":45,"column":8},"end":{"line":81,"column":9}},"type":"if","locations":[{"start":{"line":45,"column":8},"end":{"line":81,"column":9}},{"start":{"line":76,"column":15},"end":{"line":81,"column":9}}],"line":45},"4":{"loc":{"start":{"line":45,"column":12},"end":{"line":45,"column":38}},"type":"binary-expr","locations":[{"start":{"line":45,"column":12},"end":{"line":45,"column":17}},{"start":{"line":45,"column":21},"end":{"line":45,"column":38}}],"line":45},"5":{"loc":{"start":{"line":58,"column":10},"end":{"line":75,"column":11}},"type":"if","locations":[{"start":{"line":58,"column":10},"end":{"line":75,"column":11}},{"start":{},"end":{}}],"line":58},"6":{"loc":{"start":{"line":66,"column":14},"end":{"line":73,"column":15}},"type":"if","locations":[{"start":{"line":66,"column":14},"end":{"line":73,"column":15}},{"start":{"line":68,"column":21},"end":{"line":73,"column":15}}],"line":66},"7":{"loc":{"start":{"line":87,"column":4},"end":{"line":115,"column":5}},"type":"if","locations":[{"start":{"line":87,"column":4},"end":{"line":115,"column":5}},{"start":{"line":112,"column":11},"end":{"line":115,"column":5}}],"line":87},"8":{"loc":{"start":{"line":88,"column":6},"end":{"line":111,"column":7}},"type":"if","locations":[{"start":{"line":88,"column":6},"end":{"line":111,"column":7}},{"start":{"line":108,"column":13},"end":{"line":111,"column":7}}],"line":88},"9":{"loc":{"start":{"line":90,"column":21},"end":{"line":92,"column":44}},"type":"cond-expr","locations":[{"start":{"line":91,"column":14},"end":{"line":91,"column":19}},{"start":{"line":92,"column":14},"end":{"line":92,"column":44}}],"line":90},"10":{"loc":{"start":{"line":99,"column":10},"end":{"line":106,"column":11}},"type":"if","locations":[{"start":{"line":99,"column":10},"end":{"line":106,"column":11}},{"start":{"line":101,"column":17},"end":{"line":106,"column":11}}],"line":99},"11":{"loc":{"start":{"line":120,"column":4},"end":{"line":122,"column":5}},"type":"if","locations":[{"start":{"line":120,"column":4},"end":{"line":122,"column":5}},{"start":{},"end":{}}],"line":120},"12":{"loc":{"start":{"line":120,"column":8},"end":{"line":120,"column":42}},"type":"binary-expr","locations":[{"start":{"line":120,"column":8},"end":{"line":120,"column":19}},{"start":{"line":120,"column":23},"end":{"line":120,"column":42}}],"line":120},"13":{"loc":{"start":{"line":136,"column":56},"end":{"line":136,"column":97}},"type":"cond-expr","locations":[{"start":{"line":136,"column":84},"end":{"line":136,"column":87}},{"start":{"line":136,"column":90},"end":{"line":136,"column":97}}],"line":136}},"s":{"0":44,"1":44,"2":44,"3":44,"4":44,"5":44,"6":44,"7":44,"8":44,"9":44,"10":0,"11":0,"12":0,"13":0,"14":0,"15":0,"16":0,"17":0,"18":0,"19":0,"20":0,"21":0,"22":0,"23":0,"24":0,"25":0,"26":0,"27":0,"28":0,"29":0,"30":0,"31":0,"32":44,"33":10,"34":10,"35":9,"36":8,"37":8,"38":6,"39":2,"40":2,"41":2,"42":8,"43":8,"44":2,"45":6,"46":1,"47":1,"48":1,"49":1,"50":44,"51":14,"52":2,"53":44,"54":0,"55":0,"56":0,"57":1,"58":10,"59":1},"f":{"0":44,"1":0,"2":0,"3":10,"4":14,"5":0,"6":0,"7":0,"8":1,"9":10},"b":{"0":[0,0],"1":[0,0],"2":[0,0],"3":[0,0],"4":[0,0],"5":[0,0],"6":[0,0],"7":[9,1],"8":[8,1],"9":[1,7],"10":[2,6],"11":[2,12],"12":[14,13],"13":[8,36]},"_coverageSchema":"1a1c01bbd47fc00a2c39e90264f33305004495a9","hash":"8c4c15fe36875de42ef19ace742ed3d74aa016a6"}
,"C:\\Users\\awbri\\Desktop\\Waste of Intelligence\\React-Native\\sc2-name-lookup\\components\\Results.tsx": {"path":"C:\\Users\\awbri\\Desktop\\Waste of Intelligence\\React-Native\\sc2-name-lookup\\components\\Results.tsx","statementMap":{"0":{"start":{"line":12,"column":16},"end":{"line":126,"column":1}},"1":{"start":{"line":13,"column":15},"end":{"line":13,"column":32}},"2":{"start":{"line":15,"column":17},"end":{"line":19,"column":12}},"3":{"start":{"line":16,"column":17},"end":{"line":16,"column":62}},"4":{"start":{"line":17,"column":18},"end":{"line":17,"column":64}},"5":{"start":{"line":18,"column":4},"end":{"line":18,"column":25}},"6":{"start":{"line":20,"column":19},"end":{"line":38,"column":12}},"7":{"start":{"line":21,"column":28},"end":{"line":26,"column":5}},"8":{"start":{"line":27,"column":19},"end":{"line":29,"column":5}},"9":{"start":{"line":28,"column":13},"end":{"line":28,"column":47}},"10":{"start":{"line":30,"column":4},"end":{"line":36,"column":5}},"11":{"start":{"line":31,"column":6},"end":{"line":35,"column":8}},"12":{"start":{"line":37,"column":4},"end":{"line":37,"column":17}},"13":{"start":{"line":39,"column":2},"end":{"line":125,"column":4}},"14":{"start":{"line":81,"column":10},"end":{"line":121,"column":12}},"15":{"start":{"line":128,"column":15},"end":{"line":217,"column":2}}},"fnMap":{"0":{"name":"(anonymous_0)","decl":{"start":{"line":12,"column":16},"end":{"line":12,"column":17}},"loc":{"start":{"line":12,"column":48},"end":{"line":126,"column":1}},"line":12},"1":{"name":"(anonymous_1)","decl":{"start":{"line":15,"column":25},"end":{"line":15,"column":26}},"loc":{"start":{"line":15,"column":31},"end":{"line":19,"column":3}},"line":15},"2":{"name":"(anonymous_2)","decl":{"start":{"line":20,"column":37},"end":{"line":20,"column":38}},"loc":{"start":{"line":20,"column":43},"end":{"line":38,"column":3}},"line":20},"3":{"name":"(anonymous_3)","decl":{"start":{"line":28,"column":6},"end":{"line":28,"column":7}},"loc":{"start":{"line":28,"column":13},"end":{"line":28,"column":47}},"line":28},"4":{"name":"(anonymous_4)","decl":{"start":{"line":80,"column":62},"end":{"line":80,"column":63}},"loc":{"start":{"line":80,"column":73},"end":{"line":122,"column":9}},"line":80}},"branchMap":{"0":{"loc":{"start":{"line":88,"column":17},"end":{"line":103,"column":17}},"type":"cond-expr","locations":[{"start":{"line":89,"column":18},"end":{"line":98,"column":21}},{"start":{"line":100,"column":18},"end":{"line":102,"column":21}}],"line":88},"1":{"loc":{"start":{"line":107,"column":19},"end":{"line":109,"column":27}},"type":"cond-expr","locations":[{"start":{"line":108,"column":22},"end":{"line":108,"column":93}},{"start":{"line":109,"column":22},"end":{"line":109,"column":27}}],"line":107},"2":{"loc":{"start":{"line":112,"column":19},"end":{"line":117,"column":26}},"type":"cond-expr","locations":[{"start":{"line":113,"column":22},"end":{"line":116,"column":26}},{"start":{"line":117,"column":22},"end":{"line":117,"column":26}}],"line":112}},"s":{"0":1,"1":8,"2":8,"3":8,"4":8,"5":8,"6":8,"7":8,"8":8,"9":24,"10":8,"11":16,"12":8,"13":8,"14":32,"15":1},"f":{"0":8,"1":8,"2":8,"3":24,"4":32},"b":{"0":[16,16],"1":[16,16],"2":[16,16]},"_coverageSchema":"1a1c01bbd47fc00a2c39e90264f33305004495a9","hash":"0f1e677ba5f842bc39473b2455f5055681f6ed2d"}
,"C:\\Users\\awbri\\Desktop\\Waste of Intelligence\\React-Native\\sc2-name-lookup\\hooks\\useToken.ts": {"path":"C:\\Users\\awbri\\Desktop\\Waste of Intelligence\\React-Native\\sc2-name-lookup\\hooks\\useToken.ts","statementMap":{"0":{"start":{"line":4,"column":24},"end":{"line":30,"column":1}},"1":{"start":{"line":5,"column":28},"end":{"line":5,"column":48}},"2":{"start":{"line":6,"column":2},"end":{"line":28,"column":14}},"3":{"start":{"line":7,"column":4},"end":{"line":27,"column":5}},"4":{"start":{"line":8,"column":23},"end":{"line":25,"column":7}},"5":{"start":{"line":9,"column":8},"end":{"line":24,"column":9}},"6":{"start":{"line":10,"column":23},"end":{"line":19,"column":12}},"7":{"start":{"line":20,"column":22},"end":{"line":20,"column":39}},"8":{"start":{"line":21,"column":10},"end":{"line":21,"column":37}},"9":{"start":{"line":23,"column":10},"end":{"line":23,"column":25}},"10":{"start":{"line":26,"column":6},"end":{"line":26,"column":17}},"11":{"start":{"line":29,"column":2},"end":{"line":29,"column":15}}},"fnMap":{"0":{"name":"(anonymous_0)","decl":{"start":{"line":4,"column":24},"end":{"line":4,"column":25}},"loc":{"start":{"line":4,"column":62},"end":{"line":30,"column":1}},"line":4},"1":{"name":"(anonymous_1)","decl":{"start":{"line":6,"column":12},"end":{"line":6,"column":13}},"loc":{"start":{"line":6,"column":18},"end":{"line":28,"column":3}},"line":6},"2":{"name":"(anonymous_2)","decl":{"start":{"line":8,"column":23},"end":{"line":8,"column":24}},"loc":{"start":{"line":8,"column":35},"end":{"line":25,"column":7}},"line":8}},"branchMap":{"0":{"loc":{"start":{"line":7,"column":4},"end":{"line":27,"column":5}},"type":"if","locations":[{"start":{"line":7,"column":4},"end":{"line":27,"column":5}},{"start":{},"end":{}}],"line":7}},"s":{"0":2,"1":6,"2":6,"3":6,"4":4,"5":4,"6":4,"7":3,"8":2,"9":2,"10":4,"11":6},"f":{"0":6,"1":6,"2":4},"b":{"0":[4,2]},"_coverageSchema":"1a1c01bbd47fc00a2c39e90264f33305004495a9","hash":"be0f8c64a619c4bc06921fd73854ce550f9afd47"}
,"C:\\Users\\awbri\\Desktop\\Waste of Intelligence\\React-Native\\sc2-name-lookup\\images\\bronze.png": {"path":"C:\\Users\\awbri\\Desktop\\Waste of Intelligence\\React-Native\\sc2-name-lookup\\images\\bronze.png","statementMap":{"0":{"start":{"line":1,"column":0},"end":{"line":1,"column":19}}},"fnMap":{},"branchMap":{},"s":{"0":1},"f":{},"b":{},"_coverageSchema":"1a1c01bbd47fc00a2c39e90264f33305004495a9","hash":"547a75e79546699bfa73ae1fa92de9abace45b72"}
,"C:\\Users\\awbri\\Desktop\\Waste of Intelligence\\React-Native\\sc2-name-lookup\\images\\diamond.png": {"path":"C:\\Users\\awbri\\Desktop\\Waste of Intelligence\\React-Native\\sc2-name-lookup\\images\\diamond.png","statementMap":{"0":{"start":{"line":1,"column":0},"end":{"line":1,"column":19}}},"fnMap":{},"branchMap":{},"s":{"0":1},"f":{},"b":{},"_coverageSchema":"1a1c01bbd47fc00a2c39e90264f33305004495a9","hash":"8266e23d1f6e3fc9cf22c7f8f5815b75cb2c2e04"}
,"C:\\Users\\awbri\\Desktop\\Waste of Intelligence\\React-Native\\sc2-name-lookup\\images\\grandmaster.png": {"path":"C:\\Users\\awbri\\Desktop\\Waste of Intelligence\\React-Native\\sc2-name-lookup\\images\\grandmaster.png","statementMap":{"0":{"start":{"line":1,"column":0},"end":{"line":1,"column":19}}},"fnMap":{},"branchMap":{},"s":{"0":1},"f":{},"b":{},"_coverageSchema":"1a1c01bbd47fc00a2c39e90264f33305004495a9","hash":"8187bed38eb9439e8f757293264a888ed4e7ff7e"}
,"C:\\Users\\awbri\\Desktop\\Waste of Intelligence\\React-Native\\sc2-name-lookup\\images\\master.png": {"path":"C:\\Users\\awbri\\Desktop\\Waste of Intelligence\\React-Native\\sc2-name-lookup\\images\\master.png","statementMap":{"0":{"start":{"line":1,"column":0},"end":{"line":1,"column":19}}},"fnMap":{},"branchMap":{},"s":{"0":1},"f":{},"b":{},"_coverageSchema":"1a1c01bbd47fc00a2c39e90264f33305004495a9","hash":"2280f55e96efed59c85724a8244d048abab7e6e3"}
,"C:\\Users\\awbri\\Desktop\\Waste of Intelligence\\React-Native\\sc2-name-lookup\\images\\null.png": {"path":"C:\\Users\\awbri\\Desktop\\Waste of Intelligence\\React-Native\\sc2-name-lookup\\images\\null.png","statementMap":{"0":{"start":{"line":1,"column":0},"end":{"line":1,"column":19}}},"fnMap":{},"branchMap":{},"s":{"0":1},"f":{},"b":{},"_coverageSchema":"1a1c01bbd47fc00a2c39e90264f33305004495a9","hash":"910e202b71dd84fec562d2a7b720945c5e896206"}
,"C:\\Users\\awbri\\Desktop\\Waste of Intelligence\\React-Native\\sc2-name-lookup\\images\\platinum.png": {"path":"C:\\Users\\awbri\\Desktop\\Waste of Intelligence\\React-Native\\sc2-name-lookup\\images\\platinum.png","statementMap":{"0":{"start":{"line":1,"column":0},"end":{"line":1,"column":19}}},"fnMap":{},"branchMap":{},"s":{"0":1},"f":{},"b":{},"_coverageSchema":"1a1c01bbd47fc00a2c39e90264f33305004495a9","hash":"306f6e29b3ed5575f708bd41bdd1af8766db05f2"}
,"C:\\Users\\awbri\\Desktop\\Waste of Intelligence\\React-Native\\sc2-name-lookup\\images\\protoss.png": {"path":"C:\\Users\\awbri\\Desktop\\Waste of Intelligence\\React-Native\\sc2-name-lookup\\images\\protoss.png","statementMap":{"0":{"start":{"line":1,"column":0},"end":{"line":1,"column":19}}},"fnMap":{},"branchMap":{},"s":{"0":1},"f":{},"b":{},"_coverageSchema":"1a1c01bbd47fc00a2c39e90264f33305004495a9","hash":"71aa1865f255aeaf3204344c481243390da73ba9"}
,"C:\\Users\\awbri\\Desktop\\Waste of Intelligence\\React-Native\\sc2-name-lookup\\images\\random.png": {"path":"C:\\Users\\awbri\\Desktop\\Waste of Intelligence\\React-Native\\sc2-name-lookup\\images\\random.png","statementMap":{"0":{"start":{"line":1,"column":0},"end":{"line":1,"column":19}}},"fnMap":{},"branchMap":{},"s":{"0":1},"f":{},"b":{},"_coverageSchema":"1a1c01bbd47fc00a2c39e90264f33305004495a9","hash":"5d044ee559fefaad46b412d4421b045ed2a1c405"}
,"C:\\Users\\awbri\\Desktop\\Waste of Intelligence\\React-Native\\sc2-name-lookup\\images\\terran.png": {"path":"C:\\Users\\awbri\\Desktop\\Waste of Intelligence\\React-Native\\sc2-name-lookup\\images\\terran.png","statementMap":{"0":{"start":{"line":1,"column":0},"end":{"line":1,"column":19}}},"fnMap":{},"branchMap":{},"s":{"0":1},"f":{},"b":{},"_coverageSchema":"1a1c01bbd47fc00a2c39e90264f33305004495a9","hash":"78e4109b820f4c4fd71c1ec7d4367c1b6ca89153"}
,"C:\\Users\\awbri\\Desktop\\Waste of Intelligence\\React-Native\\sc2-name-lookup\\images\\zerg.png": {"path":"C:\\Users\\awbri\\Desktop\\Waste of Intelligence\\React-Native\\sc2-name-lookup\\images\\zerg.png","statementMap":{"0":{"start":{"line":1,"column":0},"end":{"line":1,"column":19}}},"fnMap":{},"branchMap":{},"s":{"0":1},"f":{},"b":{},"_coverageSchema":"1a1c01bbd47fc00a2c39e90264f33305004495a9","hash":"c7a06b2961c7ed1e146962fb6f1b1ecd7876e364"}
,"C:\\Users\\awbri\\Desktop\\Waste of Intelligence\\React-Native\\sc2-name-lookup\\util\\fixName.ts": {"path":"C:\\Users\\awbri\\Desktop\\Waste of Intelligence\\React-Native\\sc2-name-lookup\\util\\fixName.ts","statementMap":{"0":{"start":{"line":1,"column":23},"end":{"line":11,"column":1}},"1":{"start":{"line":2,"column":2},"end":{"line":2,"column":34}},"2":{"start":{"line":2,"column":24},"end":{"line":2,"column":34}},"3":{"start":{"line":3,"column":17},"end":{"line":3,"column":24}},"4":{"start":{"line":5,"column":20},"end":{"line":5,"column":41}},"5":{"start":{"line":7,"column":20},"end":{"line":7,"column":40}},"6":{"start":{"line":8,"column":14},"end":{"line":8,"column":30}},"7":{"start":{"line":9,"column":2},"end":{"line":9,"column":12}}},"fnMap":{"0":{"name":"(anonymous_0)","decl":{"start":{"line":1,"column":23},"end":{"line":1,"column":24}},"loc":{"start":{"line":1,"column":49},"end":{"line":11,"column":1}},"line":1}},"branchMap":{"0":{"loc":{"start":{"line":2,"column":2},"end":{"line":2,"column":34}},"type":"if","locations":[{"start":{"line":2,"column":2},"end":{"line":2,"column":34}},{"start":{},"end":{}}],"line":2}},"s":{"0":2,"1":6,"2":1,"3":5,"4":5,"5":5,"6":5,"7":5},"f":{"0":6},"b":{"0":[1,5]},"_coverageSchema":"1a1c01bbd47fc00a2c39e90264f33305004495a9","hash":"ea3de184a669679c51d39636aa2dee4ca1e4a882"}
,"C:\\Users\\awbri\\Desktop\\Waste of Intelligence\\React-Native\\sc2-name-lookup\\util\\fixNumber.ts": {"path":"C:\\Users\\awbri\\Desktop\\Waste of Intelligence\\React-Native\\sc2-name-lookup\\util\\fixNumber.ts","statementMap":{"0":{"start":{"line":1,"column":25},"end":{"line":5,"column":1}},"1":{"start":{"line":2,"column":2},"end":{"line":4,"column":24}},"2":{"start":{"line":2,"column":18},"end":{"line":2,"column":53}},"3":{"start":{"line":3,"column":7},"end":{"line":4,"column":24}},"4":{"start":{"line":3,"column":24},"end":{"line":3,"column":59}},"5":{"start":{"line":4,"column":7},"end":{"line":4,"column":24}}},"fnMap":{"0":{"name":"(anonymous_0)","decl":{"start":{"line":1,"column":25},"end":{"line":1,"column":26}},"loc":{"start":{"line":1,"column":50},"end":{"line":5,"column":1}},"line":1}},"branchMap":{"0":{"loc":{"start":{"line":2,"column":2},"end":{"line":4,"column":24}},"type":"if","locations":[{"start":{"line":2,"column":2},"end":{"line":4,"column":24}},{"start":{"line":3,"column":7},"end":{"line":4,"column":24}}],"line":2},"1":{"loc":{"start":{"line":3,"column":7},"end":{"line":4,"column":24}},"type":"if","locations":[{"start":{"line":3,"column":7},"end":{"line":4,"column":24}},{"start":{"line":4,"column":7},"end":{"line":4,"column":24}}],"line":3}},"s":{"0":2,"1":35,"2":1,"3":34,"4":1,"5":33},"f":{"0":35},"b":{"0":[1,34],"1":[1,33]},"_coverageSchema":"1a1c01bbd47fc00a2c39e90264f33305004495a9","hash":"80b4d5d890fb54a751647e62ce3aedc83ec182d6"}
,"C:\\Users\\awbri\\Desktop\\Waste of Intelligence\\React-Native\\sc2-name-lookup\\util\\fixString.ts": {"path":"C:\\Users\\awbri\\Desktop\\Waste of Intelligence\\React-Native\\sc2-name-lookup\\util\\fixString.ts","statementMap":{"0":{"start":{"line":1,"column":25},"end":{"line":9,"column":1}},"1":{"start":{"line":2,"column":2},"end":{"line":4,"column":3}},"2":{"start":{"line":3,"column":4},"end":{"line":3,"column":16}},"3":{"start":{"line":5,"column":16},"end":{"line":5,"column":34}},"4":{"start":{"line":6,"column":16},"end":{"line":6,"column":31}},"5":{"start":{"line":7,"column":15},"end":{"line":7,"column":33}},"6":{"start":{"line":8,"column":2},"end":{"line":8,"column":46}}},"fnMap":{"0":{"name":"(anonymous_0)","decl":{"start":{"line":1,"column":25},"end":{"line":1,"column":26}},"loc":{"start":{"line":1,"column":48},"end":{"line":9,"column":1}},"line":1}},"branchMap":{"0":{"loc":{"start":{"line":2,"column":2},"end":{"line":4,"column":3}},"type":"if","locations":[{"start":{"line":2,"column":2},"end":{"line":4,"column":3}},{"start":{},"end":{}}],"line":2}},"s":{"0":2,"1":66,"2":1,"3":65,"4":65,"5":65,"6":65},"f":{"0":66},"b":{"0":[1,65]},"_coverageSchema":"1a1c01bbd47fc00a2c39e90264f33305004495a9","hash":"9ffe4f0e5ddbb12e640f07260eb7a7c85e503d21"}
,"C:\\Users\\awbri\\Desktop\\Waste of Intelligence\\React-Native\\sc2-name-lookup\\util\\getData.ts": {"path":"C:\\Users\\awbri\\Desktop\\Waste of Intelligence\\React-Native\\sc2-name-lookup\\util\\getData.ts","statementMap":{"0":{"start":{"line":4,"column":34},"end":{"line":40,"column":1}},"1":{"start":{"line":5,"column":2},"end":{"line":39,"column":3}},"2":{"start":{"line":6,"column":17},"end":{"line":16,"column":6}},"3":{"start":{"line":17,"column":20},"end":{"line":17,"column":37}},"4":{"start":{"line":19,"column":4},"end":{"line":29,"column":5}},"5":{"start":{"line":20,"column":6},"end":{"line":23,"column":8}},"6":{"start":{"line":24,"column":11},"end":{"line":29,"column":5}},"7":{"start":{"line":25,"column":6},"end":{"line":28,"column":8}},"8":{"start":{"line":30,"column":4},"end":{"line":30,"column":38}},"9":{"start":{"line":32,"column":4},"end":{"line":34,"column":5}},"10":{"start":{"line":33,"column":6},"end":{"line":33,"column":14}},"11":{"start":{"line":35,"column":4},"end":{"line":38,"column":6}},"12":{"start":{"line":42,"column":33},"end":{"line":79,"column":1}},"13":{"start":{"line":46,"column":2},"end":{"line":78,"column":3}},"14":{"start":{"line":47,"column":24},"end":{"line":55,"column":5}},"15":{"start":{"line":56,"column":20},"end":{"line":56,"column":44}},"16":{"start":{"line":57,"column":23},"end":{"line":65,"column":5}},"17":{"start":{"line":66,"column":19},"end":{"line":66,"column":42}},"18":{"start":{"line":67,"column":4},"end":{"line":75,"column":6}},"19":{"start":{"line":77,"column":4},"end":{"line":77,"column":72}}},"fnMap":{"0":{"name":"(anonymous_0)","decl":{"start":{"line":4,"column":34},"end":{"line":4,"column":35}},"loc":{"start":{"line":4,"column":75},"end":{"line":40,"column":1}},"line":4},"1":{"name":"(anonymous_1)","decl":{"start":{"line":42,"column":33},"end":{"line":42,"column":34}},"loc":{"start":{"line":45,"column":20},"end":{"line":79,"column":1}},"line":45}},"branchMap":{"0":{"loc":{"start":{"line":19,"column":4},"end":{"line":29,"column":5}},"type":"if","locations":[{"start":{"line":19,"column":4},"end":{"line":29,"column":5}},{"start":{"line":24,"column":11},"end":{"line":29,"column":5}}],"line":19},"1":{"loc":{"start":{"line":24,"column":11},"end":{"line":29,"column":5}},"type":"if","locations":[{"start":{"line":24,"column":11},"end":{"line":29,"column":5}},{"start":{},"end":{}}],"line":24},"2":{"loc":{"start":{"line":32,"column":4},"end":{"line":34,"column":5}},"type":"if","locations":[{"start":{"line":32,"column":4},"end":{"line":34,"column":5}},{"start":{},"end":{}}],"line":32}},"s":{"0":2,"1":5,"2":5,"3":4,"4":3,"5":1,"6":2,"7":1,"8":1,"9":4,"10":2,"11":2,"12":2,"13":5,"14":5,"15":4,"16":3,"17":2,"18":1,"19":4},"f":{"0":5,"1":5},"b":{"0":[1,2],"1":[1,1],"2":[2,2]},"_coverageSchema":"1a1c01bbd47fc00a2c39e90264f33305004495a9","hash":"deb07cde3f159534fa798dfce3ea15c146ba1c6e"}
,"C:\\Users\\awbri\\Desktop\\Waste of Intelligence\\React-Native\\sc2-name-lookup\\util\\leagueIcon.ts": {"path":"C:\\Users\\awbri\\Desktop\\Waste of Intelligence\\React-Native\\sc2-name-lookup\\util\\leagueIcon.ts","statementMap":{"0":{"start":{"line":4,"column":65},"end":{"line":13,"column":1}}},"fnMap":{},"branchMap":{},"s":{"0":1},"f":{},"b":{},"_coverageSchema":"1a1c01bbd47fc00a2c39e90264f33305004495a9","hash":"245df083c6a5bbe54136f7e20e382b0633a011aa"}
,"C:\\Users\\awbri\\Desktop\\Waste of Intelligence\\React-Native\\sc2-name-lookup\\util\\raceIcon.ts": {"path":"C:\\Users\\awbri\\Desktop\\Waste of Intelligence\\React-Native\\sc2-name-lookup\\util\\raceIcon.ts","statementMap":{"0":{"start":{"line":5,"column":35},"end":{"line":10,"column":1}}},"fnMap":{},"branchMap":{},"s":{"0":1},"f":{},"b":{},"_coverageSchema":"1a1c01bbd47fc00a2c39e90264f33305004495a9","hash":"8c36a330d7817bc596020e400ddd7f455061b118"}
}
