TN:
SF:config.ts
FNF:0
FNH:0
DA:1,2
DA:2,2
DA:3,2
LF:3
LH:3
BRF:0
BRH:0
end_of_record
TN:
SF:sampleData.ts
FNF:0
FNH:0
DA:2,3
LF:1
LH:1
BRF:0
BRH:0
end_of_record
TN:
SF:types.ts
FN:102,(anonymous_0)
FNF:1
FNH:1
FNDA:10,(anonymous_0)
DA:103,10
DA:104,10
LF:2
LH:2
BRF:0
BRH:0
end_of_record
TN:
SF:components\Home.tsx
FN:31,Home
FN:42,(anonymous_1)
FN:53,(anonymous_2)
FN:85,(anonymous_3)
FN:119,(anonymous_4)
FN:148,(anonymous_5)
FN:152,(anonymous_6)
FN:157,(anonymous_7)
FN:166,(anonymous_8)
FN:183,(anonymous_9)
FNF:10
FNH:5
FNDA:44,Home
FNDA:0,(anonymous_1)
FNDA:0,(anonymous_2)
FNDA:10,(anonymous_3)
FNDA:14,(anonymous_4)
FNDA:0,(anonymous_5)
FNDA:0,(anonymous_6)
FNDA:0,(anonymous_7)
FNDA:1,(anonymous_8)
FNDA:10,(anonymous_9)
DA:32,44
DA:33,44
DA:34,44
DA:35,44
DA:36,44
DA:37,44
DA:38,44
DA:39,44
DA:40,44
DA:42,44
DA:43,0
DA:44,0
DA:45,0
DA:46,0
DA:49,0
DA:50,0
DA:51,0
DA:53,0
DA:54,0
DA:56,0
DA:57,0
DA:58,0
DA:59,0
DA:60,0
DA:61,0
DA:62,0
DA:63,0
DA:65,0
DA:66,0
DA:67,0
DA:69,0
DA:77,0
DA:85,44
DA:86,10
DA:87,10
DA:88,9
DA:89,8
DA:90,8
DA:93,6
DA:94,2
DA:95,2
DA:96,2
DA:98,8
DA:99,8
DA:100,2
DA:102,6
DA:109,1
DA:110,1
DA:113,1
DA:114,1
DA:119,44
DA:120,14
DA:121,2
DA:128,44
DA:148,0
DA:152,0
DA:157,0
DA:166,1
DA:183,10
DA:194,1
LF:60
LH:35
BRDA:43,0,0,0
BRDA:43,0,1,0
BRDA:43,1,0,0
BRDA:43,1,1,0
BRDA:44,2,0,0
BRDA:44,2,1,0
BRDA:45,3,0,0
BRDA:45,3,1,0
BRDA:45,4,0,0
BRDA:45,4,1,0
BRDA:58,5,0,0
BRDA:58,5,1,0
BRDA:66,6,0,0
BRDA:66,6,1,0
BRDA:87,7,0,9
BRDA:87,7,1,1
BRDA:88,8,0,8
BRDA:88,8,1,1
BRDA:90,9,0,1
BRDA:90,9,1,7
BRDA:99,10,0,2
BRDA:99,10,1,6
BRDA:120,11,0,2
BRDA:120,11,1,12
BRDA:120,12,0,14
BRDA:120,12,1,13
BRDA:136,13,0,8
BRDA:136,13,1,36
BRF:28
BRH:14
end_of_record
TN:
SF:components\Results.tsx
FN:12,(anonymous_0)
FN:15,(anonymous_1)
FN:20,(anonymous_2)
FN:28,(anonymous_3)
FN:80,(anonymous_4)
FNF:5
FNH:5
FNDA:8,(anonymous_0)
FNDA:8,(anonymous_1)
FNDA:8,(anonymous_2)
FNDA:24,(anonymous_3)
FNDA:32,(anonymous_4)
DA:12,1
DA:13,8
DA:15,8
DA:16,8
DA:17,8
DA:18,8
DA:20,8
DA:21,8
DA:27,8
DA:28,24
DA:30,8
DA:31,16
DA:37,8
DA:39,8
DA:81,32
DA:128,1
LF:16
LH:16
BRDA:88,0,0,16
BRDA:88,0,1,16
BRDA:107,1,0,16
BRDA:107,1,1,16
BRDA:112,2,0,16
BRDA:112,2,1,16
BRF:6
BRH:6
end_of_record
TN:
SF:hooks\useToken.ts
FN:4,(anonymous_0)
FN:6,(anonymous_1)
FN:8,(anonymous_2)
FNF:3
FNH:3
FNDA:6,(anonymous_0)
FNDA:6,(anonymous_1)
FNDA:4,(anonymous_2)
DA:4,2
DA:5,6
DA:6,6
DA:7,6
DA:8,4
DA:9,4
DA:10,4
DA:20,3
DA:21,2
DA:23,2
DA:26,4
DA:29,6
LF:12
LH:12
BRDA:7,0,0,4
BRDA:7,0,1,2
BRF:2
BRH:2
end_of_record
TN:
SF:images\bronze.png
FNF:0
FNH:0
DA:1,1
LF:1
LH:1
BRF:0
BRH:0
end_of_record
TN:
SF:images\diamond.png
FNF:0
FNH:0
DA:1,1
LF:1
LH:1
BRF:0
BRH:0
end_of_record
TN:
SF:images\grandmaster.png
FNF:0
FNH:0
DA:1,1
LF:1
LH:1
BRF:0
BRH:0
end_of_record
TN:
SF:images\master.png
FNF:0
FNH:0
DA:1,1
LF:1
LH:1
BRF:0
BRH:0
end_of_record
TN:
SF:images\null.png
FNF:0
FNH:0
DA:1,1
LF:1
LH:1
BRF:0
BRH:0
end_of_record
TN:
SF:images\platinum.png
FNF:0
FNH:0
DA:1,1
LF:1
LH:1
BRF:0
BRH:0
end_of_record
TN:
SF:images\protoss.png
FNF:0
FNH:0
DA:1,1
LF:1
LH:1
BRF:0
BRH:0
end_of_record
TN:
SF:images\random.png
FNF:0
FNH:0
DA:1,1
LF:1
LH:1
BRF:0
BRH:0
end_of_record
TN:
SF:images\terran.png
FNF:0
FNH:0
DA:1,1
LF:1
LH:1
BRF:0
BRH:0
end_of_record
TN:
SF:images\zerg.png
FNF:0
FNH:0
DA:1,1
LF:1
LH:1
BRF:0
BRH:0
end_of_record
TN:
SF:util\fixName.ts
FN:1,(anonymous_0)
FNF:1
FNH:1
FNDA:6,(anonymous_0)
DA:1,2
DA:2,6
DA:3,5
DA:5,5
DA:7,5
DA:8,5
DA:9,5
LF:7
LH:7
BRDA:2,0,0,1
BRDA:2,0,1,5
BRF:2
BRH:2
end_of_record
TN:
SF:util\fixNumber.ts
FN:1,(anonymous_0)
FNF:1
FNH:1
FNDA:35,(anonymous_0)
DA:1,2
DA:2,35
DA:3,34
DA:4,33
LF:4
LH:4
BRDA:2,0,0,1
BRDA:2,0,1,34
BRDA:3,1,0,1
BRDA:3,1,1,33
BRF:4
BRH:4
end_of_record
TN:
SF:util\fixString.ts
FN:1,(anonymous_0)
FNF:1
FNH:1
FNDA:66,(anonymous_0)
DA:1,2
DA:2,66
DA:3,1
DA:5,65
DA:6,65
DA:7,65
DA:8,65
LF:7
LH:7
BRDA:2,0,0,1
BRDA:2,0,1,65
BRF:2
BRH:2
end_of_record
TN:
SF:util\getData.ts
FN:4,(anonymous_0)
FN:42,(anonymous_1)
FNF:2
FNH:2
FNDA:5,(anonymous_0)
FNDA:5,(anonymous_1)
DA:4,2
DA:5,5
DA:6,5
DA:17,4
DA:19,3
DA:20,1
DA:24,2
DA:25,1
DA:30,1
DA:32,4
DA:33,2
DA:35,2
DA:42,2
DA:46,5
DA:47,5
DA:56,4
DA:57,3
DA:66,2
DA:67,1
DA:77,4
LF:20
LH:20
BRDA:19,0,0,1
BRDA:19,0,1,2
BRDA:24,1,0,1
BRDA:24,1,1,1
BRDA:32,2,0,2
BRDA:32,2,1,2
BRF:6
BRH:6
end_of_record
TN:
SF:util\leagueIcon.ts
FNF:0
FNH:0
DA:4,1
LF:1
LH:1
BRF:0
BRH:0
end_of_record
TN:
SF:util\raceIcon.ts
FNF:0
FNH:0
DA:5,1
LF:1
LH:1
BRF:0
BRH:0
end_of_record
